<?xml version="1.0" encoding="UTF-8"?>
<!-- Generated by org.testng.reporters.JUnitReportReporter -->
<testsuite skipped="22" hostname="Admins-MacBook-Air-2.local" name="co.sharechat.test.CreatePostTests" tests="26" failures="0" timestamp="16 Jul 2019 14:09:40 GMT" time="248.499" errors="0">
  <testcase name="TC047_textPostWithExternalLink" time="62.511" classname="co.sharechat.test.CreatePostTests"/>
  <testcase name="TC050_textPostWithAnyDefaultP" time="60.866" classname="co.sharechat.test.CreatePostTests"/>
  <testcase name="TC048_textPostWithColorBG" time="61.583" classname="co.sharechat.test.CreatePostTests"/>
  <testcase name="TC049_textPostWithAnyDefaultPicturesBG" time="63.539" classname="co.sharechat.test.CreatePostTests"/>
  <testcase name="TC042_textPostWithExternalLink" classname="co.sharechat.test.CreatePostTests">
    <skipped/>
  </testcase> <!-- TC042_textPostWithExternalLink -->
  <testcase name="TC004_createPollPost" classname="co.sharechat.test.CreatePostTests">
    <skipped/>
  </testcase> <!-- TC004_createPollPost -->
  <testcase name="TC041_textPostUsedTag" classname="co.sharechat.test.CreatePostTests">
    <skipped/>
  </testcase> <!-- TC041_textPostUsedTag -->
  <testcase name="TC044_creatingLinkPostWithShareChatTag" classname="co.sharechat.test.CreatePostTests">
    <skipped/>
  </testcase> <!-- TC044_creatingLinkPostWithShareChatTag -->
  <testcase name="TC043_textPostWithExternalLink" classname="co.sharechat.test.CreatePostTests">
    <skipped/>
  </testcase> <!-- TC043_textPostWithExternalLink -->
  <testcase name="TC034_textPostSimpleText" classname="co.sharechat.test.CreatePostTests">
    <skipped/>
  </testcase> <!-- TC034_textPostSimpleText -->
  <testcase name="TC033_textPostWithoutBG" classname="co.sharechat.test.CreatePostTests">
    <skipped/>
  </testcase> <!-- TC033_textPostWithoutBG -->
  <testcase name="TC040_trendindbucketsOnPost" classname="co.sharechat.test.CreatePostTests">
    <skipped/>
  </testcase> <!-- TC040_trendindbucketsOnPost -->
  <testcase name="TC045_createPostWithUserProfileShare" classname="co.sharechat.test.CreatePostTests">
    <skipped/>
  </testcase> <!-- TC045_createPostWithUserProfileShare -->
  <testcase name="TC053_textPostWithCameraBackground" classname="co.sharechat.test.CreatePostTests">
    <skipped/>
  </testcase> <!-- TC053_textPostWithCameraBackground -->
  <testcase name="TC036_textPostDenyPermission" classname="co.sharechat.test.CreatePostTests">
    <skipped/>
  </testcase> <!-- TC036_textPostDenyPermission -->
  <testcase name="TC030_textPosts" classname="co.sharechat.test.CreatePostTests">
    <skipped/>
  </testcase> <!-- TC030_textPosts -->
  <testcase name="TC031_textPostsCloseFunctionality" classname="co.sharechat.test.CreatePostTests">
    <skipped/>
  </testcase> <!-- TC031_textPostsCloseFunctionality -->
  <testcase name="TC001_createTextPost" classname="co.sharechat.test.CreatePostTests">
    <skipped/>
  </testcase> <!-- TC001_createTextPost -->
  <testcase name="TC054_textPostWithAllowPermission" classname="co.sharechat.test.CreatePostTests">
    <skipped/>
  </testcase> <!-- TC054_textPostWithAllowPermission -->
  <testcase name="TC032_textPostsCheckMarkFunctionality" classname="co.sharechat.test.CreatePostTests">
    <skipped/>
  </testcase> <!-- TC032_textPostsCheckMarkFunctionality -->
  <testcase name="TC055_textPostWithDenyPermissionWithColorBG" classname="co.sharechat.test.CreatePostTests">
    <skipped/>
  </testcase> <!-- TC055_textPostWithDenyPermissionWithColorBG -->
  <testcase name="TC057_textPostWithCreateNewTag" classname="co.sharechat.test.CreatePostTests">
    <skipped/>
  </testcase> <!-- TC057_textPostWithCreateNewTag -->
  <testcase name="TC003_createCameraBackgroundTextPost" classname="co.sharechat.test.CreatePostTests">
    <skipped/>
  </testcase> <!-- TC003_createCameraBackgroundTextPost -->
  <testcase name="TC002_createBackgroundTextPost" classname="co.sharechat.test.CreatePostTests">
    <skipped/>
  </testcase> <!-- TC002_createBackgroundTextPost -->
  <testcase name="TC035_textPostAllowPermission" classname="co.sharechat.test.CreatePostTests">
    <skipped/>
  </testcase> <!-- TC035_textPostAllowPermission -->
  <testcase name="TC056_textPostWithSingleTag" classname="co.sharechat.test.CreatePostTests">
    <skipped/>
  </testcase> <!-- TC056_textPostWithSingleTag -->
</testsuite> <!-- co.sharechat.test.CreatePostTests -->
