<?xml version="1.0" encoding="UTF-8"?>
<!-- Generated by org.testng.reporters.JUnitReportReporter -->
<testsuite skipped="3" hostname="Admins-MacBook-Air-2.local" name="co.sharechat.test.ReferralTests" tests="4" failures="0" timestamp="04 Jul 2019 08:28:54 GMT" time="94.049" errors="0">
  <testcase name="TC109_SetupPaymentLinkFunctionality" time="94.049" classname="co.sharechat.test.ReferralTests"/>
  <testcase name="TC108_SetupPaymentLinkFunctionality" classname="co.sharechat.test.ReferralTests">
    <skipped/>
  </testcase> <!-- TC108_SetupPaymentLinkFunctionality -->
  <testcase name="TC048_ReferralScreenUI" classname="co.sharechat.test.ReferralTests">
    <skipped/>
  </testcase> <!-- TC048_ReferralScreenUI -->
  <testcase name="TC099_MyWinningScreenUI" classname="co.sharechat.test.ReferralTests">
    <skipped/>
  </testcase> <!-- TC099_MyWinningScreenUI -->
</testsuite> <!-- co.sharechat.test.ReferralTests -->
