<?xml version="1.0" encoding="UTF-8"?>
<!-- Generated by org.testng.reporters.JUnitReportReporter -->
<testsuite skipped="9" hostname="Admins-MacBook-Air-2.local" name="co.sharechat.test.CreatePostTests" tests="10" failures="0" timestamp="09 Jul 2019 12:49:32 GMT" time="68.623" errors="0">
  <testcase name="TC035_textPostAllowPermission" time="68.623" classname="co.sharechat.test.CreatePostTests"/>
  <testcase name="TC001_createTextPost" classname="co.sharechat.test.CreatePostTests">
    <skipped/>
  </testcase> <!-- TC001_createTextPost -->
  <testcase name="TC031_textPostsCloseFunctionality" classname="co.sharechat.test.CreatePostTests">
    <skipped/>
  </testcase> <!-- TC031_textPostsCloseFunctionality -->
  <testcase name="TC004_createPollPost" classname="co.sharechat.test.CreatePostTests">
    <skipped/>
  </testcase> <!-- TC004_createPollPost -->
  <testcase name="TC032_textPostsCheckMarkFunctionality" classname="co.sharechat.test.CreatePostTests">
    <skipped/>
  </testcase> <!-- TC032_textPostsCheckMarkFunctionality -->
  <testcase name="TC002_createBackgroundTextPost" classname="co.sharechat.test.CreatePostTests">
    <skipped/>
  </testcase> <!-- TC002_createBackgroundTextPost -->
  <testcase name="TC003_createCameraBackgroundTextPost" classname="co.sharechat.test.CreatePostTests">
    <skipped/>
  </testcase> <!-- TC003_createCameraBackgroundTextPost -->
  <testcase name="TC034_textPostSimpleText" classname="co.sharechat.test.CreatePostTests">
    <skipped/>
  </testcase> <!-- TC034_textPostSimpleText -->
  <testcase name="TC033_textPostWithoutBG" classname="co.sharechat.test.CreatePostTests">
    <skipped/>
  </testcase> <!-- TC033_textPostWithoutBG -->
  <testcase name="TC030_textPosts" classname="co.sharechat.test.CreatePostTests">
    <skipped/>
  </testcase> <!-- TC030_textPosts -->
</testsuite> <!-- co.sharechat.test.CreatePostTests -->
