<?xml version="1.0" encoding="UTF-8"?>
<!-- Generated by org.testng.reporters.JUnitReportReporter -->
<testsuite skipped="29" hostname="Admins-MacBook-Air-2.local" name="co.sharechat.test.CreatePostTests" tests="33" failures="0" timestamp="18 Jul 2019 14:20:49 GMT" time="1616.341" errors="0">
  <testcase name="AR60_textPostWithSingleFollowingFriend" time="151.182" classname="co.sharechat.test.CreatePostTests"/>
  <testcase name="AR61_textPostWithMultipleFollowingFriends" time="152.061" classname="co.sharechat.test.CreatePostTests"/>
  <testcase name="AR63_textPostWithMultipleFollowersFriends" time="149.022" classname="co.sharechat.test.CreatePostTests"/>
  <testcase name="AR62_textPostWithSingleFollowerFriend" time="1164.076" classname="co.sharechat.test.CreatePostTests"/>
  <testcase name="TC004_createPollPost" classname="co.sharechat.test.CreatePostTests">
    <skipped/>
  </testcase> <!-- TC004_createPollPost -->
  <testcase name="TC041_textPostUsedTag" classname="co.sharechat.test.CreatePostTests">
    <skipped/>
  </testcase> <!-- TC041_textPostUsedTag -->
  <testcase name="TC040_trendingBucketsOnPost" classname="co.sharechat.test.CreatePostTests">
    <skipped/>
  </testcase> <!-- TC040_trendingBucketsOnPost -->
  <testcase name="TC047_textPostWithExternalLink" classname="co.sharechat.test.CreatePostTests">
    <skipped/>
  </testcase> <!-- TC047_textPostWithExternalLink -->
  <testcase name="AR57_textPostWithMultipleTags" classname="co.sharechat.test.CreatePostTests">
    <skipped/>
  </testcase> <!-- AR57_textPostWithMultipleTags -->
  <testcase name="TC045_createPostWithUserProfileShare" classname="co.sharechat.test.CreatePostTests">
    <skipped/>
  </testcase> <!-- TC045_createPostWithUserProfileShare -->
  <testcase name="TC050_textPostWithAnyDefaultP" classname="co.sharechat.test.CreatePostTests">
    <skipped/>
  </testcase> <!-- TC050_textPostWithAnyDefaultP -->
  <testcase name="TC030_textPosts" classname="co.sharechat.test.CreatePostTests">
    <skipped/>
  </testcase> <!-- TC030_textPosts -->
  <testcase name="AR59_textPostWithMultipleFriends" classname="co.sharechat.test.CreatePostTests">
    <skipped/>
  </testcase> <!-- AR59_textPostWithMultipleFriends -->
  <testcase name="TC031_textPostsCloseFunctionality" classname="co.sharechat.test.CreatePostTests">
    <skipped/>
  </testcase> <!-- TC031_textPostsCloseFunctionality -->
  <testcase name="TC032_textPostsCheckMarkFunctionality" classname="co.sharechat.test.CreatePostTests">
    <skipped/>
  </testcase> <!-- TC032_textPostsCheckMarkFunctionality -->
  <testcase name="AR53_textPostWithAllowPermission" classname="co.sharechat.test.CreatePostTests">
    <skipped/>
  </testcase> <!-- AR53_textPostWithAllowPermission -->
  <testcase name="TC003_createCameraBackgroundTextPost" classname="co.sharechat.test.CreatePostTests">
    <skipped/>
  </testcase> <!-- TC003_createCameraBackgroundTextPost -->
  <testcase name="TC035_textPostAllowPermission" classname="co.sharechat.test.CreatePostTests">
    <skipped/>
  </testcase> <!-- TC035_textPostAllowPermission -->
  <testcase name="AR52_textPostWithCameraBackground" classname="co.sharechat.test.CreatePostTests">
    <skipped/>
  </testcase> <!-- AR52_textPostWithCameraBackground -->
  <testcase name="TC048_textPostWithColorBG" classname="co.sharechat.test.CreatePostTests">
    <skipped/>
  </testcase> <!-- TC048_textPostWithColorBG -->
  <testcase name="TC042_textPostWithExternalLink" classname="co.sharechat.test.CreatePostTests">
    <skipped/>
  </testcase> <!-- TC042_textPostWithExternalLink -->
  <testcase name="TC044_creatingLinkPostWithShareChatTag" classname="co.sharechat.test.CreatePostTests">
    <skipped/>
  </testcase> <!-- TC044_creatingLinkPostWithShareChatTag -->
  <testcase name="TC043_textPostWithExternalLink" classname="co.sharechat.test.CreatePostTests">
    <skipped/>
  </testcase> <!-- TC043_textPostWithExternalLink -->
  <testcase name="TC034_textPostSimpleText" classname="co.sharechat.test.CreatePostTests">
    <skipped/>
  </testcase> <!-- TC034_textPostSimpleText -->
  <testcase name="TC033_textPostWithoutBG" classname="co.sharechat.test.CreatePostTests">
    <skipped/>
  </testcase> <!-- TC033_textPostWithoutBG -->
  <testcase name="AR58_textPostWithSingleFriend" classname="co.sharechat.test.CreatePostTests">
    <skipped/>
  </testcase> <!-- AR58_textPostWithSingleFriend -->
  <testcase name="TC036_textPostDenyPermission" classname="co.sharechat.test.CreatePostTests">
    <skipped/>
  </testcase> <!-- TC036_textPostDenyPermission -->
  <testcase name="AR54_textPostWithDenyPermissionWithColorBG" classname="co.sharechat.test.CreatePostTests">
    <skipped/>
  </testcase> <!-- AR54_textPostWithDenyPermissionWithColorBG -->
  <testcase name="AR56_textPostWithCreateNewTag" classname="co.sharechat.test.CreatePostTests">
    <skipped/>
  </testcase> <!-- AR56_textPostWithCreateNewTag -->
  <testcase name="TC001_createTextPost" classname="co.sharechat.test.CreatePostTests">
    <skipped/>
  </testcase> <!-- TC001_createTextPost -->
  <testcase name="TC049_textPostWithAnyDefaultPicturesBG" classname="co.sharechat.test.CreatePostTests">
    <skipped/>
  </testcase> <!-- TC049_textPostWithAnyDefaultPicturesBG -->
  <testcase name="TC002_createBackgroundTextPost" classname="co.sharechat.test.CreatePostTests">
    <skipped/>
  </testcase> <!-- TC002_createBackgroundTextPost -->
  <testcase name="AR55_textPostWithSingleTag" classname="co.sharechat.test.CreatePostTests">
    <skipped/>
  </testcase> <!-- AR55_textPostWithSingleTag -->
</testsuite> <!-- co.sharechat.test.CreatePostTests -->
